#
# There is insufficient memory for the Java Runtime Environment to continue.
# Native memory allocation (malloc) failed to allocate 181056 bytes for Chunk::new
# Possible reasons:
#   The system is out of physical RAM or swap space
#   The process is running with CompressedOops enabled, and the Java Heap may be blocking the growth of the native heap
# Possible solutions:
#   Reduce memory load on the system
#   Increase physical memory or swap space
#   Check if swap backing store is full
#   Decrease Java heap size (-Xmx/-Xms)
#   Decrease number of Java threads
#   Decrease Java thread stack sizes (-Xss)
#   Set larger code cache with -XX:ReservedCodeCacheSize=
#   JVM is running with Unscaled Compressed Oops mode in which the Java heap is
#     placed in the first 4GB address space. The Java Heap base address is the
#     maximum limit for the native heap growth. Please use -XX:HeapBaseMinAddress
#     to set the Java Heap base and to place the Java Heap above 4GB virtual address.
# This output file may be truncated or incomplete.
#
#  Out of Memory Error (./open/src/hotspot/share/memory/arena.cpp:197), pid=12880, tid=22632
#
# JRE version: Java(TM) SE Runtime Environment 18.9 (11.0.14+8) (build 11.0.14+8-LTS-263)
# Java VM: Java HotSpot(TM) 64-Bit Server VM 18.9 (11.0.14+8-LTS-263, mixed mode, tiered, compressed oops, g1 gc, windows-amd64)
# No core dump will be written. Minidumps are not enabled by default on client versions of Windows
#

---------------  S U M M A R Y ------------

Command Line: org.jetbrains.kotlin.cli.jvm.K2JVMCompiler @C:\Users\ADMIN\Desktop\IDO\sobanhang\node_modules\react-native-screens\android\build\20220627_15798948510597181795.compiler.options

Host: 11th Gen Intel(R) Core(TM) i5-11300H @ 3.10GHz, 8 cores, 7G,  Windows 10 , 64 bit Build 19041 (10.0.19041.1566)
Time: Mon Jun 27 16:48:06 2022 SE Asia Standard Time elapsed time: 4.079292 seconds (0d 0h 0m 4s)

---------------  T H R E A D  ---------------

Current thread (0x000001dea176d000):  JavaThread "C2 CompilerThread0" daemon [_thread_in_native, id=22632, stack(0x000000c2bf500000,0x000000c2bf600000)]


Current CompileTask:
C2:   4079 1999   !   4       jdk.internal.loader.BuiltinClassLoader::loadClassOrNull (143 bytes)

Stack: [0x000000c2bf500000,0x000000c2bf600000]
Native frames: (J=compiled Java code, j=interpreted, Vv=VM code, C=native code)
V  [jvm.dll+0x6296da]
V  [jvm.dll+0x76323f]
V  [jvm.dll+0x7648e9]
V  [jvm.dll+0x764f73]
V  [jvm.dll+0x23d7c8]
V  [jvm.dll+0xb297c]
V  [jvm.dll+0xb2f3c]
V  [jvm.dll+0x67e7cb]
V  [jvm.dll+0x18cd50]
V  [jvm.dll+0x1f8472]
V  [jvm.dll+0x1f754d]
V  [jvm.dll+0x177b21]
V  [jvm.dll+0x206e26]
V  [jvm.dll+0x204fbb]
V  [jvm.dll+0x729170]
V  [jvm.dll+0x721d44]
V  [jvm.dll+0x6285d6]
C  [ucrtbase.dll+0x21bb2]
C  [KERNEL32.DLL+0x17034]
C  [ntdll.dll+0x52651]


---------------  P R O C E S S  ---------------

Threads class SMR info:
_java_thread_list=0x000001dea21fac70, length=10, elements={
0x000001de819eb000, 0x000001dea1747800, 0x000001dea1748800, 0x000001dea1767000,
0x000001dea176a000, 0x000001dea176b000, 0x000001dea176d000, 0x000001dea176e000,
0x000001dea176f800, 0x000001dea222b800
}

Java Threads: ( => current thread )
  0x000001de819eb000 JavaThread "main" [_thread_in_native, id=9720, stack(0x000000c2be900000,0x000000c2bea00000)]
  0x000001dea1747800 JavaThread "Reference Handler" daemon [_thread_blocked, id=14512, stack(0x000000c2bf000000,0x000000c2bf100000)]
  0x000001dea1748800 JavaThread "Finalizer" daemon [_thread_blocked, id=17564, stack(0x000000c2bf100000,0x000000c2bf200000)]
  0x000001dea1767000 JavaThread "Signal Dispatcher" daemon [_thread_blocked, id=22580, stack(0x000000c2bf200000,0x000000c2bf300000)]
  0x000001dea176a000 JavaThread "Attach Listener" daemon [_thread_blocked, id=19800, stack(0x000000c2bf300000,0x000000c2bf400000)]
  0x000001dea176b000 JavaThread "Service Thread" daemon [_thread_blocked, id=5440, stack(0x000000c2bf400000,0x000000c2bf500000)]
=>0x000001dea176d000 JavaThread "C2 CompilerThread0" daemon [_thread_in_native, id=22632, stack(0x000000c2bf500000,0x000000c2bf600000)]
  0x000001dea176e000 JavaThread "C1 CompilerThread0" daemon [_thread_blocked, id=8216, stack(0x000000c2bf600000,0x000000c2bf700000)]
  0x000001dea176f800 JavaThread "Sweeper thread" daemon [_thread_blocked, id=18848, stack(0x000000c2bf700000,0x000000c2bf800000)]
  0x000001dea222b800 JavaThread "Common-Cleaner" daemon [_thread_blocked, id=1832, stack(0x000000c2bf900000,0x000000c2bfa00000)]

Other Threads:
  0x000001dea1725000 VMThread "VM Thread" [stack: 0x000000c2bef00000,0x000000c2bf000000] [id=6420]
  0x000001dea222a800 WatcherThread [stack: 0x000000c2bf800000,0x000000c2bf900000] [id=10492]
  0x000001de839c4000 GCTaskThread "GC Thread#0" [stack: 0x000000c2bea00000,0x000000c2beb00000] [id=23284]
  0x000001dea2799800 GCTaskThread "GC Thread#1" [stack: 0x000000c2bfa00000,0x000000c2bfb00000] [id=17156]
  0x000001de839f4000 ConcurrentGCThread "G1 Main Marker" [stack: 0x000000c2beb00000,0x000000c2bec00000] [id=8412]
  0x000001de839f5800 ConcurrentGCThread "G1 Conc#0" [stack: 0x000000c2bec00000,0x000000c2bed00000] [id=9236]
  0x000001dea2ac5000 ConcurrentGCThread "G1 Conc#1" [stack: 0x000000c2bfb00000,0x000000c2bfc00000] [id=22068]
  0x000001de83a88800 ConcurrentGCThread "G1 Refine#0" [stack: 0x000000c2bed00000,0x000000c2bee00000] [id=18052]
  0x000001de83a89800 ConcurrentGCThread "G1 Young RemSet Sampling" [stack: 0x000000c2bee00000,0x000000c2bef00000] [id=8648]

Threads with active compile tasks:
C2 CompilerThread0   4110 1999   !   4       jdk.internal.loader.BuiltinClassLoader::loadClassOrNull (143 bytes)

VM state:not at safepoint (normal execution)

VM Mutex/Monitor currently owned by a thread: None

Heap address: 0x0000000084000000, size: 1984 MB, Compressed Oops mode: 32-bit
Narrow klass base: 0x0000000000000000, Narrow klass shift: 3
Compressed class space size: 1073741824 Address: 0x0000000100000000

Heap:
 garbage-first heap   total 126976K, used 43180K [0x0000000084000000, 0x0000000100000000)
  region size 1024K, 38 young (38912K), 7 survivors (7168K)
 Metaspace       used 29536K, capacity 29888K, committed 30128K, reserved 1075200K
  class space    used 3527K, capacity 3730K, committed 3840K, reserved 1048576K
Heap Regions: E=young(eden), S=young(survivor), O=old, HS=humongous(starts), HC=humongous(continues), CS=collection set, F=free, A=archive, TAMS=top-at-mark-start (previous, next)
|   0|0x0000000084000000, 0x0000000084100000, 0x0000000084100000|100%|HS|  |TAMS 0x0000000084100000, 0x0000000084000000| Complete 
|   1|0x0000000084100000, 0x0000000084200000, 0x0000000084200000|100%|HC|  |TAMS 0x0000000084200000, 0x0000000084100000| Complete 
|   2|0x0000000084200000, 0x0000000084300000, 0x0000000084300000|100%|HC|  |TAMS 0x0000000084300000, 0x0000000084200000| Complete 
|   3|0x0000000084300000, 0x0000000084400000, 0x0000000084400000|100%|HS|  |TAMS 0x0000000084300000, 0x0000000084300000| Complete 
|   4|0x0000000084400000, 0x0000000084500000, 0x0000000084500000|100%|HC|  |TAMS 0x0000000084400000, 0x0000000084400000| Complete 
|   5|0x0000000084500000, 0x0000000084600000, 0x0000000084600000|100%|HC|  |TAMS 0x0000000084500000, 0x0000000084500000| Complete 
|   6|0x0000000084600000, 0x0000000084600000, 0x0000000084700000|  0%| F|  |TAMS 0x0000000084600000, 0x0000000084600000| Untracked 
|   7|0x0000000084700000, 0x0000000084700000, 0x0000000084800000|  0%| F|  |TAMS 0x0000000084700000, 0x0000000084700000| Untracked 
|   8|0x0000000084800000, 0x0000000084800000, 0x0000000084900000|  0%| F|  |TAMS 0x0000000084800000, 0x0000000084800000| Untracked 
|   9|0x0000000084900000, 0x0000000084900000, 0x0000000084a00000|  0%| F|  |TAMS 0x0000000084900000, 0x0000000084900000| Untracked 
|  10|0x0000000084a00000, 0x0000000084a00000, 0x0000000084b00000|  0%| F|  |TAMS 0x0000000084a00000, 0x0000000084a00000| Untracked 
|  11|0x0000000084b00000, 0x0000000084b00000, 0x0000000084c00000|  0%| F|  |TAMS 0x0000000084b00000, 0x0000000084b00000| Untracked 
|  12|0x0000000084c00000, 0x0000000084c00000, 0x0000000084d00000|  0%| F|  |TAMS 0x0000000084c00000, 0x0000000084c00000| Untracked 
|  13|0x0000000084d00000, 0x0000000084d00000, 0x0000000084e00000|  0%| F|  |TAMS 0x0000000084d00000, 0x0000000084d00000| Untracked 
|  14|0x0000000084e00000, 0x0000000084e00000, 0x0000000084f00000|  0%| F|  |TAMS 0x0000000084e00000, 0x0000000084e00000| Untracked 
|  15|0x0000000084f00000, 0x0000000084f00000, 0x0000000085000000|  0%| F|  |TAMS 0x0000000084f00000, 0x0000000084f00000| Untracked 
|  16|0x0000000085000000, 0x0000000085000000, 0x0000000085100000|  0%| F|  |TAMS 0x0000000085000000, 0x0000000085000000| Untracked 
|  17|0x0000000085100000, 0x0000000085100000, 0x0000000085200000|  0%| F|  |TAMS 0x0000000085100000, 0x0000000085100000| Untracked 
|  18|0x0000000085200000, 0x0000000085200000, 0x0000000085300000|  0%| F|  |TAMS 0x0000000085200000, 0x0000000085200000| Untracked 
|  19|0x0000000085300000, 0x0000000085300000, 0x0000000085400000|  0%| F|  |TAMS 0x0000000085300000, 0x0000000085300000| Untracked 
|  20|0x0000000085400000, 0x0000000085400000, 0x0000000085500000|  0%| F|  |TAMS 0x0000000085400000, 0x0000000085400000| Untracked 
|  21|0x0000000085500000, 0x0000000085500000, 0x0000000085600000|  0%| F|  |TAMS 0x0000000085500000, 0x0000000085500000| Untracked 
|  22|0x0000000085600000, 0x0000000085600000, 0x0000000085700000|  0%| F|  |TAMS 0x0000000085600000, 0x0000000085600000| Untracked 
|  23|0x0000000085700000, 0x0000000085700000, 0x0000000085800000|  0%| F|  |TAMS 0x0000000085700000, 0x0000000085700000| Untracked 
|  24|0x0000000085800000, 0x0000000085800000, 0x0000000085900000|  0%| F|  |TAMS 0x0000000085800000, 0x0000000085800000| Untracked 
|  25|0x0000000085900000, 0x0000000085900000, 0x0000000085a00000|  0%| F|  |TAMS 0x0000000085900000, 0x0000000085900000| Untracked 
|  26|0x0000000085a00000, 0x0000000085a00000, 0x0000000085b00000|  0%| F|  |TAMS 0x0000000085a00000, 0x0000000085a00000| Untracked 
|  27|0x0000000085b00000, 0x0000000085b00000, 0x0000000085c00000|  0%| F|  |TAMS 0x0000000085b00000, 0x0000000085b00000| Untracked 
|  28|0x0000000085c00000, 0x0000000085c00000, 0x0000000085d00000|  0%| F|  |TAMS 0x0000000085c00000, 0x0000000085c00000| Untracked 
|  29|0x0000000085d00000, 0x0000000085d00000, 0x0000000085e00000|  0%| F|  |TAMS 0x0000000085d00000, 0x0000000085d00000| Untracked 
|  30|0x0000000085e00000, 0x0000000085e00000, 0x0000000085f00000|  0%| F|  |TAMS 0x0000000085e00000, 0x0000000085e00000| Untracked 
|  31|0x0000000085f00000, 0x0000000085f00000, 0x0000000086000000|  0%| F|  |TAMS 0x0000000085f00000, 0x0000000085f00000| Untracked 
|  32|0x0000000086000000, 0x0000000086000000, 0x0000000086100000|  0%| F|  |TAMS 0x0000000086000000, 0x0000000086000000| Untracked 
|  33|0x0000000086100000, 0x0000000086100000, 0x0000000086200000|  0%| F|  |TAMS 0x0000000086100000, 0x0000000086100000| Untracked 
|  34|0x0000000086200000, 0x0000000086200000, 0x0000000086300000|  0%| F|  |TAMS 0x0000000086200000, 0x0000000086200000| Untracked 
|  35|0x0000000086300000, 0x0000000086300000, 0x0000000086400000|  0%| F|  |TAMS 0x0000000086300000, 0x0000000086300000| Untracked 
|  36|0x0000000086400000, 0x0000000086400000, 0x0000000086500000|  0%| F|  |TAMS 0x0000000086400000, 0x0000000086400000| Untracked 
|  37|0x0000000086500000, 0x0000000086500000, 0x0000000086600000|  0%| F|  |TAMS 0x0000000086500000, 0x0000000086500000| Untracked 
|  38|0x0000000086600000, 0x0000000086600000, 0x0000000086700000|  0%| F|  |TAMS 0x0000000086600000, 0x0000000086600000| Untracked 
|  39|0x0000000086700000, 0x0000000086700000, 0x0000000086800000|  0%| F|  |TAMS 0x0000000086700000, 0x0000000086700000| Untracked 
|  40|0x0000000086800000, 0x0000000086800000, 0x0000000086900000|  0%| F|  |TAMS 0x0000000086800000, 0x0000000086800000| Untracked 
|  41|0x0000000086900000, 0x0000000086900000, 0x0000000086a00000|  0%| F|  |TAMS 0x0000000086900000, 0x0000000086900000| Untracked 
|  42|0x0000000086a00000, 0x0000000086a00000, 0x0000000086b00000|  0%| F|  |TAMS 0x0000000086a00000, 0x0000000086a00000| Untracked 
|  43|0x0000000086b00000, 0x0000000086b00000, 0x0000000086c00000|  0%| F|  |TAMS 0x0000000086b00000, 0x0000000086b00000| Untracked 
|  44|0x0000000086c00000, 0x0000000086c00000, 0x0000000086d00000|  0%| F|  |TAMS 0x0000000086c00000, 0x0000000086c00000| Untracked 
|  45|0x0000000086d00000, 0x0000000086d00000, 0x0000000086e00000|  0%| F|  |TAMS 0x0000000086d00000, 0x0000000086d00000| Untracked 
|  46|0x0000000086e00000, 0x0000000086e00000, 0x0000000086f00000|  0%| F|  |TAMS 0x0000000086e00000, 0x0000000086e00000| Untracked 
|  47|0x0000000086f00000, 0x0000000086f00000, 0x0000000087000000|  0%| F|  |TAMS 0x0000000086f00000, 0x0000000086f00000| Untracked 
|  48|0x0000000087000000, 0x0000000087000000, 0x0000000087100000|  0%| F|  |TAMS 0x0000000087000000, 0x0000000087000000| Untracked 
|  49|0x0000000087100000, 0x0000000087100000, 0x0000000087200000|  0%| F|  |TAMS 0x0000000087100000, 0x0000000087100000| Untracked 
|  50|0x0000000087200000, 0x0000000087200000, 0x0000000087300000|  0%| F|  |TAMS 0x0000000087200000, 0x0000000087200000| Untracked 
|  51|0x0000000087300000, 0x0000000087300000, 0x0000000087400000|  0%| F|  |TAMS 0x0000000087300000, 0x0000000087300000| Untracked 
|  52|0x0000000087400000, 0x0000000087400000, 0x0000000087500000|  0%| F|  |TAMS 0x0000000087400000, 0x0000000087400000| Untracked 
|  53|0x0000000087500000, 0x0000000087500000, 0x0000000087600000|  0%| F|  |TAMS 0x0000000087500000, 0x0000000087500000| Untracked 
|  54|0x0000000087600000, 0x0000000087600000, 0x0000000087700000|  0%| F|  |TAMS 0x0000000087600000, 0x0000000087600000| Untracked 
|  55|0x0000000087700000, 0x0000000087700000, 0x0000000087800000|  0%| F|  |TAMS 0x0000000087700000, 0x0000000087700000| Untracked 
|  56|0x0000000087800000, 0x0000000087800000, 0x0000000087900000|  0%| F|  |TAMS 0x0000000087800000, 0x0000000087800000| Untracked 
|  57|0x0000000087900000, 0x0000000087900000, 0x0000000087a00000|  0%| F|  |TAMS 0x0000000087900000, 0x0000000087900000| Untracked 
|  58|0x0000000087a00000, 0x0000000087a00000, 0x0000000087b00000|  0%| F|  |TAMS 0x0000000087a00000, 0x0000000087a00000| Untracked 
|  59|0x0000000087b00000, 0x0000000087b00000, 0x0000000087c00000|  0%| F|  |TAMS 0x0000000087b00000, 0x0000000087b00000| Untracked 
|  60|0x0000000087c00000, 0x0000000087c00000, 0x0000000087d00000|  0%| F|  |TAMS 0x0000000087c00000, 0x0000000087c00000| Untracked 
|  61|0x0000000087d00000, 0x0000000087d00000, 0x0000000087e00000|  0%| F|  |TAMS 0x0000000087d00000, 0x0000000087d00000| Untracked 
|  62|0x0000000087e00000, 0x0000000087e00000, 0x0000000087f00000|  0%| F|  |TAMS 0x0000000087e00000, 0x0000000087e00000| Untracked 
|  63|0x0000000087f00000, 0x0000000087f00000, 0x0000000088000000|  0%| F|  |TAMS 0x0000000087f00000, 0x0000000087f00000| Untracked 
|  64|0x0000000088000000, 0x0000000088000000, 0x0000000088100000|  0%| F|  |TAMS 0x0000000088000000, 0x0000000088000000| Untracked 
|  65|0x0000000088100000, 0x0000000088100000, 0x0000000088200000|  0%| F|  |TAMS 0x0000000088100000, 0x0000000088100000| Untracked 
|  66|0x0000000088200000, 0x0000000088200000, 0x0000000088300000|  0%| F|  |TAMS 0x0000000088200000, 0x0000000088200000| Untracked 
|  67|0x0000000088300000, 0x0000000088300000, 0x0000000088400000|  0%| F|  |TAMS 0x0000000088300000, 0x0000000088300000| Untracked 
|  68|0x0000000088400000, 0x0000000088400000, 0x0000000088500000|  0%| F|  |TAMS 0x0000000088400000, 0x0000000088400000| Untracked 
|  69|0x0000000088500000, 0x0000000088500000, 0x0000000088600000|  0%| F|  |TAMS 0x0000000088500000, 0x0000000088500000| Untracked 
|  70|0x0000000088600000, 0x0000000088600000, 0x0000000088700000|  0%| F|  |TAMS 0x0000000088600000, 0x0000000088600000| Untracked 
|  71|0x0000000088700000, 0x0000000088700000, 0x0000000088800000|  0%| F|  |TAMS 0x0000000088700000, 0x0000000088700000| Untracked 
|  72|0x0000000088800000, 0x0000000088800000, 0x0000000088900000|  0%| F|  |TAMS 0x0000000088800000, 0x0000000088800000| Untracked 
|  73|0x0000000088900000, 0x0000000088900000, 0x0000000088a00000|  0%| F|  |TAMS 0x0000000088900000, 0x0000000088900000| Untracked 
|  74|0x0000000088a00000, 0x0000000088a00000, 0x0000000088b00000|  0%| F|  |TAMS 0x0000000088a00000, 0x0000000088a00000| Untracked 
|  75|0x0000000088b00000, 0x0000000088b00000, 0x0000000088c00000|  0%| F|  |TAMS 0x0000000088b00000, 0x0000000088b00000| Untracked 
|  76|0x0000000088c00000, 0x0000000088c00000, 0x0000000088d00000|  0%| F|  |TAMS 0x0000000088c00000, 0x0000000088c00000| Untracked 
|  77|0x0000000088d00000, 0x0000000088d2b138, 0x0000000088e00000| 16%| S|CS|TAMS 0x0000000088d00000, 0x0000000088d00000| Complete 
|  78|0x0000000088e00000, 0x0000000088f00000, 0x0000000088f00000|100%| S|CS|TAMS 0x0000000088e00000, 0x0000000088e00000| Complete 
|  79|0x0000000088f00000, 0x0000000089000000, 0x0000000089000000|100%| S|CS|TAMS 0x0000000088f00000, 0x0000000088f00000| Complete 
|  80|0x0000000089000000, 0x0000000089100000, 0x0000000089100000|100%| S|CS|TAMS 0x0000000089000000, 0x0000000089000000| Complete 
|  81|0x0000000089100000, 0x0000000089200000, 0x0000000089200000|100%| S|CS|TAMS 0x0000000089100000, 0x0000000089100000| Complete 
|  82|0x0000000089200000, 0x0000000089300000, 0x0000000089300000|100%| S|CS|TAMS 0x0000000089200000, 0x0000000089200000| Complete 
|  83|0x0000000089300000, 0x0000000089400000, 0x0000000089400000|100%| S|CS|TAMS 0x0000000089300000, 0x0000000089300000| Complete 
|  84|0x0000000089400000, 0x0000000089400000, 0x0000000089500000|  0%| F|  |TAMS 0x0000000089400000, 0x0000000089400000| Untracked 
|  85|0x0000000089500000, 0x0000000089500000, 0x0000000089600000|  0%| F|  |TAMS 0x0000000089500000, 0x0000000089500000| Untracked 
|  86|0x0000000089600000, 0x0000000089600000, 0x0000000089700000|  0%| F|  |TAMS 0x0000000089600000, 0x0000000089600000| Untracked 
|  87|0x0000000089700000, 0x0000000089700000, 0x0000000089800000|  0%| F|  |TAMS 0x0000000089700000, 0x0000000089700000| Untracked 
|  88|0x0000000089800000, 0x0000000089800000, 0x0000000089900000|  0%| F|  |TAMS 0x0000000089800000, 0x0000000089800000| Untracked 
|  89|0x0000000089900000, 0x0000000089900000, 0x0000000089a00000|  0%| F|  |TAMS 0x0000000089900000, 0x0000000089900000| Untracked 
|  90|0x0000000089a00000, 0x0000000089a00000, 0x0000000089b00000|  0%| F|  |TAMS 0x0000000089a00000, 0x0000000089a00000| Untracked 
|  91|0x0000000089b00000, 0x0000000089b00000, 0x0000000089c00000|  0%| F|  |TAMS 0x0000000089b00000, 0x0000000089b00000| Untracked 
|  92|0x0000000089c00000, 0x0000000089c00000, 0x0000000089d00000|  0%| F|  |TAMS 0x0000000089c00000, 0x0000000089c00000| Untracked 
|  93|0x0000000089d00000, 0x0000000089d80800, 0x0000000089e00000| 50%| E|  |TAMS 0x0000000089d00000, 0x0000000089d00000| Complete 
|  94|0x0000000089e00000, 0x0000000089f00000, 0x0000000089f00000|100%| E|CS|TAMS 0x0000000089e00000, 0x0000000089e00000| Complete 
|  95|0x0000000089f00000, 0x000000008a000000, 0x000000008a000000|100%| E|CS|TAMS 0x0000000089f00000, 0x0000000089f00000| Complete 
|  96|0x000000008a000000, 0x000000008a100000, 0x000000008a100000|100%| E|CS|TAMS 0x000000008a000000, 0x000000008a000000| Complete 
|  97|0x000000008a100000, 0x000000008a200000, 0x000000008a200000|100%| E|CS|TAMS 0x000000008a100000, 0x000000008a100000| Complete 
|  98|0x000000008a200000, 0x000000008a300000, 0x000000008a300000|100%| E|CS|TAMS 0x000000008a200000, 0x000000008a200000| Complete 
|  99|0x000000008a300000, 0x000000008a400000, 0x000000008a400000|100%| E|CS|TAMS 0x000000008a300000, 0x000000008a300000| Complete 
| 100|0x000000008a400000, 0x000000008a500000, 0x000000008a500000|100%| E|CS|TAMS 0x000000008a400000, 0x000000008a400000| Complete 
| 101|0x000000008a500000, 0x000000008a600000, 0x000000008a600000|100%| E|CS|TAMS 0x000000008a500000, 0x000000008a500000| Complete 
| 102|0x000000008a600000, 0x000000008a700000, 0x000000008a700000|100%| E|CS|TAMS 0x000000008a600000, 0x000000008a600000| Complete 
| 103|0x000000008a700000, 0x000000008a800000, 0x000000008a800000|100%| E|CS|TAMS 0x000000008a700000, 0x000000008a700000| Complete 
| 104|0x000000008a800000, 0x000000008a900000, 0x000000008a900000|100%| E|CS|TAMS 0x000000008a800000, 0x000000008a800000| Complete 
| 105|0x000000008a900000, 0x000000008aa00000, 0x000000008aa00000|100%| E|CS|TAMS 0x000000008a900000, 0x000000008a900000| Complete 
| 106|0x000000008aa00000, 0x000000008ab00000, 0x000000008ab00000|100%| E|CS|TAMS 0x000000008aa00000, 0x000000008aa00000| Complete 
| 107|0x000000008ab00000, 0x000000008ac00000, 0x000000008ac00000|100%| E|CS|TAMS 0x000000008ab00000, 0x000000008ab00000| Complete 
| 108|0x000000008ac00000, 0x000000008ad00000, 0x000000008ad00000|100%| E|CS|TAMS 0x000000008ac00000, 0x000000008ac00000| Complete 
| 109|0x000000008ad00000, 0x000000008ae00000, 0x000000008ae00000|100%| E|CS|TAMS 0x000000008ad00000, 0x000000008ad00000| Complete 
| 110|0x000000008ae00000, 0x000000008af00000, 0x000000008af00000|100%| E|CS|TAMS 0x000000008ae00000, 0x000000008ae00000| Complete 
| 111|0x000000008af00000, 0x000000008b000000, 0x000000008b000000|100%| E|CS|TAMS 0x000000008af00000, 0x000000008af00000| Complete 
| 112|0x000000008b000000, 0x000000008b100000, 0x000000008b100000|100%| E|CS|TAMS 0x000000008b000000, 0x000000008b000000| Complete 
| 113|0x000000008b100000, 0x000000008b200000, 0x000000008b200000|100%| E|CS|TAMS 0x000000008b100000, 0x000000008b100000| Complete 
| 114|0x000000008b200000, 0x000000008b300000, 0x000000008b300000|100%| E|CS|TAMS 0x000000008b200000, 0x000000008b200000| Complete 
| 115|0x000000008b300000, 0x000000008b400000, 0x000000008b400000|100%| E|CS|TAMS 0x000000008b300000, 0x000000008b300000| Complete 
| 116|0x000000008b400000, 0x000000008b500000, 0x000000008b500000|100%| E|CS|TAMS 0x000000008b400000, 0x000000008b400000| Complete 
| 117|0x000000008b500000, 0x000000008b600000, 0x000000008b600000|100%| E|CS|TAMS 0x000000008b500000, 0x000000008b500000| Complete 
| 118|0x000000008b600000, 0x000000008b700000, 0x000000008b700000|100%| E|CS|TAMS 0x000000008b600000, 0x000000008b600000| Complete 
| 119|0x000000008b700000, 0x000000008b800000, 0x000000008b800000|100%| E|CS|TAMS 0x000000008b700000, 0x000000008b700000| Complete 
| 120|0x000000008b800000, 0x000000008b900000, 0x000000008b900000|100%| E|CS|TAMS 0x000000008b800000, 0x000000008b800000| Complete 
| 121|0x000000008b900000, 0x000000008ba00000, 0x000000008ba00000|100%| E|CS|TAMS 0x000000008b900000, 0x000000008b900000| Complete 
| 122|0x000000008ba00000, 0x000000008bb00000, 0x000000008bb00000|100%| E|CS|TAMS 0x000000008ba00000, 0x000000008ba00000| Complete 
| 123|0x000000008bb00000, 0x000000008bc00000, 0x000000008bc00000|100%| E|CS|TAMS 0x000000008bb00000, 0x000000008bb00000| Complete 

Card table byte_map: [0x000001de9a740000,0x000001de9ab20000] _byte_map_base: 0x000001de9a320000

Marking Bits (Prev, Next): (CMBitMap*) 0x000001de839eb9f0, (CMBitMap*) 0x000001de839eb9b8
 Prev Bits: [0x000001de9ce00000, 0x000001de9ed00000)
 Next Bits: [0x000001de9af00000, 0x000001de9ce00000)

Polling page: 0x000001de818d0000

Metaspace:

Usage:
  Non-class:     25.54 MB capacity,    25.40 MB (>99%) used,   104.02 KB ( <1%) free+waste,    45.44 KB ( <1%) overhead. 
      Class:      3.64 MB capacity,     3.45 MB ( 95%) used,   179.80 KB (  5%) free+waste,    22.44 KB ( <1%) overhead. 
       Both:     29.19 MB capacity,    28.84 MB ( 99%) used,   283.83 KB ( <1%) free+waste,    67.88 KB ( <1%) overhead. 

Virtual space:
  Non-class space:       26.00 MB reserved,      25.67 MB ( 99%) committed 
      Class space:        1.00 GB reserved,       3.75 MB ( <1%) committed 
             Both:        1.03 GB reserved,      29.42 MB (  3%) committed 

Chunk freelists:
   Non-Class:  256 bytes
       Class:  1.75 KB
        Both:  2.00 KB

CodeHeap 'non-profiled nmethods': size=120000Kb used=665Kb max_used=665Kb free=119334Kb
 bounds [0x000001de92b00000, 0x000001de92d70000, 0x000001de9a030000]
CodeHeap 'profiled nmethods': size=120000Kb used=4169Kb max_used=4169Kb free=115830Kb
 bounds [0x000001de8b5d0000, 0x000001de8b9f0000, 0x000001de92b00000]
CodeHeap 'non-nmethods': size=5760Kb used=1180Kb max_used=1183Kb free=4580Kb
 bounds [0x000001de8b030000, 0x000001de8b2a0000, 0x000001de8b5d0000]
 total_blobs=2689 nmethods=2180 adapters=420
 compilation: enabled
              stopped_count=0, restarted_count=0
 full_count=0

Compilation events (10 events):
Event: 4.062 Thread 0x000001dea176e000 2181       1       sun.nio.fs.WindowsPathParser$Result::type (5 bytes)
Event: 4.062 Thread 0x000001dea176e000 nmethod 2181 0x000001de92ba5910 code [0x000001de92ba5aa0, 0x000001de92ba5b58]
Event: 4.062 Thread 0x000001dea176e000 2182       1       sun.nio.fs.WindowsPathParser$Result::root (5 bytes)
Event: 4.062 Thread 0x000001dea176e000 nmethod 2182 0x000001de92ba5c10 code [0x000001de92ba5da0, 0x000001de92ba5e58]
Event: 4.062 Thread 0x000001dea176e000 2183       1       sun.nio.fs.WindowsPathParser$Result::path (5 bytes)
Event: 4.062 Thread 0x000001dea176e000 nmethod 2183 0x000001de92ba5f10 code [0x000001de92ba60a0, 0x000001de92ba6158]
Event: 4.068 Thread 0x000001dea176e000 2184       3       java.lang.StringBuilder::<init> (6 bytes)
Event: 4.068 Thread 0x000001dea176e000 nmethod 2184 0x000001de8b9dcb10 code [0x000001de8b9dccc0, 0x000001de8b9dcde8]
Event: 4.076 Thread 0x000001dea176e000 2185       1       sun.nio.fs.WindowsFileSystem::provider (5 bytes)
Event: 4.076 Thread 0x000001dea176e000 nmethod 2185 0x000001de92ba6210 code [0x000001de92ba63a0, 0x000001de92ba6458]

GC Heap History (4 events):
Event: 1.041 GC heap before
{Heap before GC invocations=0 (full 0):
 garbage-first heap   total 126976K, used 27648K [0x0000000084000000, 0x0000000100000000)
  region size 1024K, 24 young (24576K), 0 survivors (0K)
 Metaspace       used 12113K, capacity 12212K, committed 12544K, reserved 1060864K
  class space    used 1148K, capacity 1174K, committed 1280K, reserved 1048576K
}
Event: 1.050 GC heap after
{Heap after GC invocations=1 (full 0):
 garbage-first heap   total 126976K, used 5848K [0x0000000084000000, 0x0000000100000000)
  region size 1024K, 3 young (3072K), 3 survivors (3072K)
 Metaspace       used 12113K, capacity 12212K, committed 12544K, reserved 1060864K
  class space    used 1148K, capacity 1174K, committed 1280K, reserved 1048576K
}
Event: 2.674 GC heap before
{Heap before GC invocations=1 (full 0):
 garbage-first heap   total 126976K, used 42712K [0x0000000084000000, 0x0000000100000000)
  region size 1024K, 40 young (40960K), 3 survivors (3072K)
 Metaspace       used 20873K, capacity 21118K, committed 21296K, reserved 1069056K
  class space    used 2232K, capacity 2345K, committed 2432K, reserved 1048576K
}
Event: 2.693 GC heap after
{Heap after GC invocations=2 (full 0):
 garbage-first heap   total 126976K, used 9388K [0x0000000084000000, 0x0000000100000000)
  region size 1024K, 7 young (7168K), 7 survivors (7168K)
 Metaspace       used 20873K, capacity 21118K, committed 21296K, reserved 1069056K
  class space    used 2232K, capacity 2345K, committed 2432K, reserved 1048576K
}

Deoptimization events (10 events):
Event: 2.938 Thread 0x000001de819eb000 Uncommon trap: reason=unstable_if action=reinterpret pc=0x000001de92b89284 method=java.lang.StringUTF16.compress([CI[BII)I @ 20 c2
Event: 3.080 Thread 0x000001de819eb000 Uncommon trap: reason=unstable_if action=reinterpret pc=0x000001de92b02058 method=java.lang.String.isLatin1()Z @ 10 c2
Event: 3.081 Thread 0x000001de819eb000 Uncommon trap: reason=class_check action=maybe_recompile pc=0x000001de92b81070 method=java.util.zip.InflaterInputStream.read([BII)I @ 100 c2
Event: 3.170 Thread 0x000001de819eb000 Uncommon trap: reason=unstable_if action=reinterpret pc=0x000001de92b9aed4 method=java.lang.Integer.getChars(II[B)I @ 25 c2
Event: 3.393 Thread 0x000001de819eb000 Uncommon trap: reason=unstable_if action=reinterpret pc=0x000001de92b659a4 method=java.lang.String.startsWith(Ljava/lang/String;I)Z @ 1 c2
Event: 3.856 Thread 0x000001de819eb000 Uncommon trap: reason=class_check action=maybe_recompile pc=0x000001de92b8e684 method=java.util.LinkedHashMap.afterNodeInsertion(Z)V @ 15 c2
Event: 3.856 Thread 0x000001de819eb000 Uncommon trap: reason=class_check action=maybe_recompile pc=0x000001de92b8e684 method=java.util.LinkedHashMap.afterNodeInsertion(Z)V @ 15 c2
Event: 3.867 Thread 0x000001de819eb000 Uncommon trap: reason=unstable_if action=reinterpret pc=0x000001de92b1aabc method=java.util.zip.ZipFile$Source.getEntryPos([BZ)I @ 156 c2
Event: 3.880 Thread 0x000001de819eb000 Uncommon trap: reason=class_check action=maybe_recompile pc=0x000001de92b8e684 method=java.util.LinkedHashMap.afterNodeInsertion(Z)V @ 15 c2
Event: 3.881 Thread 0x000001de819eb000 Uncommon trap: reason=class_check action=maybe_recompile pc=0x000001de92b8e684 method=java.util.LinkedHashMap.afterNodeInsertion(Z)V @ 15 c2

Classes redefined (0 events):
No events

Internal exceptions (10 events):
Event: 2.797 Thread 0x000001de819eb000 Exception <a 'java/lang/NoSuchMethodError'{0x000000008b9ce328}: java.lang.invoke.DirectMethodHandle$Holder.invokeSpecial(Ljava/lang/Object;Ljava/lang/Object;)V> (0x000000008b9ce328) thrown at [./open/src/hotspot/share/interpreter/linkResolver.cpp, line 77
Event: 3.105 Thread 0x000001de819eb000 Exception <a 'java/lang/NoSuchMethodError'{0x000000008b147d70}: java.lang.invoke.DirectMethodHandle$Holder.invokeStatic(Ljava/lang/Object;Ljava/lang/Object;Ljava/lang/Object;Ljava/lang/Object;Ljava/lang/Object;Ljava/lang/Object;Ljava/lang/Object;Ljava/lan
Event: 3.107 Thread 0x000001de819eb000 Exception <a 'java/lang/NoSuchMethodError'{0x000000008b155d78}: java.lang.invoke.DirectMethodHandle$Holder.invokeStatic(Ljava/lang/Object;Ljava/lang/Object;Ljava/lang/Object;Ljava/lang/Object;Ljava/lang/Object;Ljava/lang/Object;Ljava/lang/Object;Ljava/lan
Event: 3.109 Thread 0x000001de819eb000 Exception <a 'java/lang/NoSuchMethodError'{0x000000008b163c88}: java.lang.invoke.DirectMethodHandle$Holder.invokeSpecial(Ljava/lang/Object;Ljava/lang/Object;IILjava/lang/Object;Ljava/lang/Object;Ljava/lang/Object;)Ljava/lang/Object;> (0x000000008b163c88) 
Event: 3.110 Thread 0x000001de819eb000 Exception <a 'java/lang/NoSuchMethodError'{0x000000008b1674b8}: java.lang.invoke.DelegatingMethodHandle$Holder.reinvoke_L(Ljava/lang/Object;IILjava/lang/Object;Ljava/lang/Object;Ljava/lang/Object;)Ljava/lang/Object;> (0x000000008b1674b8) thrown at [./open
Event: 3.111 Thread 0x000001de819eb000 Exception <a 'java/lang/NoSuchMethodError'{0x000000008b16b840}: java.lang.invoke.DirectMethodHandle$Holder.invokeStatic(Ljava/lang/Object;Ljava/lang/Object;Ljava/lang/Object;Ljava/lang/Object;I)Ljava/lang/Object;> (0x000000008b16b840) thrown at [./open/sr
Event: 3.174 Thread 0x000001de819eb000 Exception <a 'java/lang/NoSuchMethodError'{0x000000008b08eb48}: java.lang.invoke.DirectMethodHandle$Holder.invokeStatic(Ljava/lang/Object;Ljava/lang/Object;Ljava/lang/Object;Ljava/lang/Object;)V> (0x000000008b08eb48) thrown at [./open/src/hotspot/share/in
Event: 3.333 Thread 0x000001de819eb000 Exception <a 'java/lang/NoSuchMethodError'{0x000000008ac6e2c0}: java.lang.invoke.DirectMethodHandle$Holder.invokeStaticInit(Ljava/lang/Object;Ljava/lang/Object;)V> (0x000000008ac6e2c0) thrown at [./open/src/hotspot/share/interpreter/linkResolver.cpp, line
Event: 3.544 Thread 0x000001de819eb000 Exception <a 'java/lang/NoSuchMethodError'{0x000000008a894860}: java.lang.invoke.DirectMethodHandle$Holder.invokeVirtual(Ljava/lang/Object;Ljava/lang/Object;)V> (0x000000008a894860) thrown at [./open/src/hotspot/share/interpreter/linkResolver.cpp, line 77
Event: 3.560 Thread 0x000001de819eb000 Exception <a 'java/lang/NoSuchMethodError'{0x000000008a70e560}: java.lang.invoke.DirectMethodHandle$Holder.invokeVirtual(Ljava/lang/Object;Ljava/lang/Object;)I> (0x000000008a70e560) thrown at [./open/src/hotspot/share/interpreter/linkResolver.cpp, line 77

Events (10 events):
Event: 3.878 loading class java/util/AbstractMap$SimpleEntry
Event: 3.879 loading class java/util/AbstractMap$SimpleEntry done
Event: 3.880 Thread 0x000001de819eb000 Uncommon trap: trap_request=0xffffffde fr.pc=0x000001de92b8e684 relative=0x0000000000000064
Event: 3.880 Thread 0x000001de819eb000 DEOPT PACKING pc=0x000001de92b8e684 sp=0x000000c2be9fe040
Event: 3.880 Thread 0x000001de819eb000 DEOPT UNPACKING pc=0x000001de8b0383af sp=0x000000c2be9fdfb8 mode 2
Event: 3.881 Thread 0x000001de819eb000 Uncommon trap: trap_request=0xffffffde fr.pc=0x000001de92b8e684 relative=0x0000000000000064
Event: 3.881 Thread 0x000001de819eb000 DEOPT PACKING pc=0x000001de92b8e684 sp=0x000000c2be9fe040
Event: 3.881 Thread 0x000001de819eb000 DEOPT UNPACKING pc=0x000001de8b0383af sp=0x000000c2be9fdfb8 mode 2
Event: 3.950 loading class java/io/RandomAccessFile$1
Event: 3.950 loading class java/io/RandomAccessFile$1 done


Dynamic libraries:
0x00007ff677830000 - 0x00007ff67783f000 	C:\Program Files\Java\jdk-11.0.14\bin\java.exe
0x00007ffe8b8b0000 - 0x00007ffe8baa5000 	C:\Windows\SYSTEM32\ntdll.dll
0x00007ffe8a9c0000 - 0x00007ffe8aa7e000 	C:\Windows\System32\KERNEL32.DLL
0x00007ffe893f0000 - 0x00007ffe896b8000 	C:\Windows\System32\KERNELBASE.dll
0x00007ffe897b0000 - 0x00007ffe898b0000 	C:\Windows\System32\ucrtbase.dll
0x00007ffe37080000 - 0x00007ffe37095000 	C:\Program Files\Java\jdk-11.0.14\bin\VCRUNTIME140.dll
0x00007ffe36810000 - 0x00007ffe36828000 	C:\Program Files\Java\jdk-11.0.14\bin\jli.dll
0x00007ffe8a430000 - 0x00007ffe8a4de000 	C:\Windows\System32\ADVAPI32.dll
0x00007ffe89970000 - 0x00007ffe89a0e000 	C:\Windows\System32\msvcrt.dll
0x00007ffe8a4e0000 - 0x00007ffe8a57c000 	C:\Windows\System32\sechost.dll
0x00007ffe89ac0000 - 0x00007ffe89be5000 	C:\Windows\System32\RPCRT4.dll
0x00007ffe8a670000 - 0x00007ffe8a810000 	C:\Windows\System32\USER32.dll
0x00007ffe898e0000 - 0x00007ffe89902000 	C:\Windows\System32\win32u.dll
0x00007ffe8a0c0000 - 0x00007ffe8a0eb000 	C:\Windows\System32\GDI32.dll
0x00007ffe67300000 - 0x00007ffe6759a000 	C:\Windows\WinSxS\amd64_microsoft.windows.common-controls_6595b64144ccf1df_6.0.19041.1110_none_60b5254171f9507e\COMCTL32.dll
0x00007ffe89110000 - 0x00007ffe8921b000 	C:\Windows\System32\gdi32full.dll
0x00007ffe89710000 - 0x00007ffe897ad000 	C:\Windows\System32\msvcp_win.dll
0x00007ffe7ce20000 - 0x00007ffe7ce2a000 	C:\Windows\SYSTEM32\VERSION.dll
0x00007ffe8a180000 - 0x00007ffe8a1b0000 	C:\Windows\System32\IMM32.DLL
0x00007ffde6d40000 - 0x00007ffde6ddb000 	C:\Program Files\Java\jdk-11.0.14\bin\msvcp140.dll
0x00007ffddaed0000 - 0x00007ffddb9e6000 	C:\Program Files\Java\jdk-11.0.14\bin\server\jvm.dll
0x00007ffe8a360000 - 0x00007ffe8a368000 	C:\Windows\System32\PSAPI.DLL
0x00007ffe80220000 - 0x00007ffe80247000 	C:\Windows\SYSTEM32\WINMM.dll
0x00007ffe55510000 - 0x00007ffe55519000 	C:\Windows\SYSTEM32\WSOCK32.dll
0x00007ffe8b800000 - 0x00007ffe8b86b000 	C:\Windows\System32\WS2_32.dll
0x00007ffe87830000 - 0x00007ffe87842000 	C:\Windows\SYSTEM32\kernel.appcore.dll
0x00007ffe53830000 - 0x00007ffe53840000 	C:\Program Files\Java\jdk-11.0.14\bin\verify.dll
0x00007ffe86d00000 - 0x00007ffe86ee4000 	C:\Windows\SYSTEM32\DBGHELP.DLL
0x00007ffe7ff90000 - 0x00007ffe7ffbc000 	C:\Windows\SYSTEM32\dbgcore.DLL
0x00007ffe89080000 - 0x00007ffe89102000 	C:\Windows\System32\bcryptPrimitives.dll
0x00007ffe367e0000 - 0x00007ffe36808000 	C:\Program Files\Java\jdk-11.0.14\bin\java.dll
0x00007ffe53060000 - 0x00007ffe5306a000 	C:\Program Files\Java\jdk-11.0.14\bin\jimage.dll
0x00007ffe36030000 - 0x00007ffe36046000 	C:\Program Files\Java\jdk-11.0.14\bin\zip.dll
0x00007ffe8ae60000 - 0x00007ffe8b5a4000 	C:\Windows\System32\SHELL32.dll
0x00007ffe87080000 - 0x00007ffe87814000 	C:\Windows\SYSTEM32\windows.storage.dll
0x00007ffe8aaa0000 - 0x00007ffe8adf4000 	C:\Windows\System32\combase.dll
0x00007ffe88a30000 - 0x00007ffe88a5c000 	C:\Windows\SYSTEM32\Wldp.dll
0x00007ffe89a10000 - 0x00007ffe89abd000 	C:\Windows\System32\SHCORE.dll
0x00007ffe89910000 - 0x00007ffe89965000 	C:\Windows\System32\shlwapi.dll
0x00007ffe88f10000 - 0x00007ffe88f2f000 	C:\Windows\SYSTEM32\profapi.dll
0x00007ffe35650000 - 0x00007ffe35669000 	C:\Program Files\Java\jdk-11.0.14\bin\net.dll
0x00007ffe82c50000 - 0x00007ffe82d59000 	C:\Windows\SYSTEM32\WINHTTP.dll
0x00007ffe88790000 - 0x00007ffe887fa000 	C:\Windows\system32\mswsock.dll
0x00007ffe35630000 - 0x00007ffe35642000 	C:\Program Files\Java\jdk-11.0.14\bin\nio.dll

dbghelp: loaded successfully - version: 4.0.5 - missing functions: none
symbol engine: initialized successfully - sym options: 0x614 - pdb path: .;C:\Program Files\Java\jdk-11.0.14\bin;C:\Windows\SYSTEM32;C:\Windows\WinSxS\amd64_microsoft.windows.common-controls_6595b64144ccf1df_6.0.19041.1110_none_60b5254171f9507e;C:\Program Files\Java\jdk-11.0.14\bin\server

VM Arguments:
java_command: org.jetbrains.kotlin.cli.jvm.K2JVMCompiler @C:\Users\ADMIN\Desktop\IDO\sobanhang\node_modules\react-native-screens\android\build\20220627_15798948510597181795.compiler.options
java_class_path (initial): C:\Users\ADMIN\.gradle\caches\modules-2\files-2.1\org.jetbrains.kotlin\kotlin-compiler-embeddable\1.6.0\aa8da3bedc53c89219b84a0b40c7419431a13e76\kotlin-compiler-embeddable-1.6.0.jar;C:\Users\ADMIN\.gradle\caches\modules-2\files-2.1\org.jetbrains.kotlin\kotlin-reflect\1.6.0\a215a7f914d5916dc5fd2d45cea16524e0220203\kotlin-reflect-1.6.0.jar;C:\Users\ADMIN\.gradle\caches\modules-2\files-2.1\org.jetbrains.kotlin\kotlin-stdlib\1.6.0\a40b8b22529b733892edf4b73468ce598bb17f04\kotlin-stdlib-1.6.0.jar;C:\Users\ADMIN\.gradle\caches\modules-2\files-2.1\org.jetbrains.kotlin\kotlin-script-runtime\1.6.0\55f72526ddcff6fc77d72cdf949c7e3d9bd95620\kotlin-script-runtime-1.6.0.jar;C:\Users\ADMIN\.gradle\caches\modules-2\files-2.1\org.jetbrains.kotlin\kotlin-daemon-embeddable\1.6.0\d6242b37f4ce6b637d10847c7558446272ec8432\kotlin-daemon-embeddable-1.6.0.jar;C:\Users\ADMIN\.gradle\caches\modules-2\files-2.1\org.jetbrains.intellij.deps\trove4j\1.0.20181211\216c2e14b070f334479d800987affe4054cd563f\trove4j-1.0.20181211.jar;C:\Users\ADMIN\.gradle\caches\modules-2\files-2.1\net.java.dev.jna\jna\5.6.0\330f2244e9030119ab3030fc3fededc86713d9cc\jna-5.6.0.jar;C:\Users\ADMIN\.gradle\caches\modules-2\files-2.1\org.jetbrains\annotations\13.0\919f0dfe192fb4e063e7dacadee7f8bb9a2672a9\annotations-13.0.jar;C:\Users\ADMIN\.gradle\caches\modules-2\files-2.1\org.jetbrains.kotlin\kotlin-stdlib-common\1.6.0\7857e365f925cfa060f941c1357cda1f8790502c\kotlin-stdlib-common-1.6.0.jar
Launcher Type: SUN_STANDARD

[Global flags]
     intx CICompilerCount                          = 4                                         {product} {ergonomic}
     uint ConcGCThreads                            = 2                                         {product} {ergonomic}
     uint G1ConcRefinementThreads                  = 8                                         {product} {ergonomic}
   size_t G1HeapRegionSize                         = 1048576                                   {product} {ergonomic}
    uintx GCDrainStackTargetSize                   = 64                                        {product} {ergonomic}
   size_t InitialHeapSize                          = 130023424                                 {product} {ergonomic}
   size_t MarkStackSize                            = 4194304                                   {product} {ergonomic}
   size_t MaxHeapSize                              = 2080374784                                {product} {ergonomic}
   size_t MaxNewSize                               = 1247805440                                {product} {ergonomic}
   size_t MinHeapDeltaBytes                        = 1048576                                   {product} {ergonomic}
    uintx NonNMethodCodeHeapSize                   = 5836300                                {pd product} {ergonomic}
    uintx NonProfiledCodeHeapSize                  = 122910970                              {pd product} {ergonomic}
    uintx ProfiledCodeHeapSize                     = 122910970                              {pd product} {ergonomic}
    uintx ReservedCodeCacheSize                    = 251658240                              {pd product} {ergonomic}
     bool SegmentedCodeCache                       = true                                      {product} {ergonomic}
     bool UseCompressedClassPointers               = true                                 {lp64_product} {ergonomic}
     bool UseCompressedOops                        = true                                 {lp64_product} {ergonomic}
     bool UseG1GC                                  = true                                      {product} {ergonomic}
     bool UseLargePagesIndividualAllocation        = false                                  {pd product} {ergonomic}

Logging:
Log output configuration:
 #0: stdout all=warning uptime,level,tags
 #1: stderr all=off uptime,level,tags

Environment Variables:
JAVA_HOME=C:\Program Files\Java\jdk-11.0.14
CLASSPATH=C:\Users\ADMIN\Desktop\IDO\sobanhang\android\\gradle\wrapper\gradle-wrapper.jar
PATH=C:\Users\ADMIN\Desktop\IDO\sobanhang\android\node_modules\.bin;C:\Users\ADMIN\Desktop\IDO\sobanhang\node_modules\.bin;C:\Users\ADMIN\Desktop\IDO\node_modules\.bin;C:\Users\ADMIN\Desktop\node_modules\.bin;C:\Users\ADMIN\node_modules\.bin;C:\Users\node_modules\.bin;C:\node_modules\.bin;C:\Program Files\nodejs;C:\Users\ADMIN\Desktop\IDO\sobanhang\node_modules\.bin;C:\Users\ADMIN\Desktop\IDO\node_modules\.bin;C:\Users\ADMIN\Desktop\node_modules\.bin;C:\Users\ADMIN\node_modules\.bin;C:\Users\node_modules\.bin;C:\node_modules\.bin;C:\Users\ADMIN\AppData\Roaming\npm\node_modules\npm\node_modules\@npmcli\run-script\lib\node-gyp-bin;C:\Users\ADMIN\Desktop\IDO\sobanhang\node_modules\.bin;C:\Users\ADMIN\bin;C:\Program Files\Git\mingw64\bin;C:\Program Files\Git\usr\local\bin;C:\Program Files\Git\usr\bin;C:\Program Files\Git\usr\bin;C:\Program Files\Git\mingw64\bin;C:\Program Files\Git\usr\bin;C:\Users\ADMIN\bin;C:\Program Files\Common Files\Oracle\Java\javapath;C:\Program Files (x86)\Common Files\Oracle\Java\javapath;C:\Windows\system32;C:\Windows;C:\Windows\System32\Wbem;C:\Windows\System32\WindowsPowerShell\v1.0;C:\Windows\System32\OpenSSH;C:\Program Files\Git\cmd;C:\Program Files\Microsoft SQL Server\Client SDK\ODBC\170\Tools\Binn;C:\Program Files (x86)\Microsoft SQL Server\150\Tools\Binn;C:\Program Files\Microsoft SQL Server\150\Tools\Binn;C:\Program Files\Microsoft SQL Server\150\DTS\Binn;C:\Program Files (x86)\Microsoft SQL Server\150\DTS\Binn;C:\Program Files\Azure Data Studio\bin;C:\Program Files\nodejs;C:\Program Files\dotnet;C:\Program Files\Java\jdk-11.0.14\bin;C:\Users\ADMIN\AppData\Local\Microsoft\WindowsApps;C:\Users\ADMIN\AppData\Local\Programs\Microsoft VS Code\bin;C:\Program Files\Azure Data Studio\bin;C:\Users\ADMIN\AppData\Roaming\npm;C:\Users\ADMIN\AppData\Local\Android\Sdk\platform-tools;C:\Program Files\Git\usr\bin\vendor_perl;C:\Program Files\Git\usr\bin\core_perl
USERNAME=ADMIN
SHELL=C:\Program Files\Git\usr\bin\bash.exe
DISPLAY=needs-to-be-defined
OS=Windows_NT
PROCESSOR_IDENTIFIER=Intel64 Family 6 Model 140 Stepping 1, GenuineIntel



---------------  S Y S T E M  ---------------

OS: Windows 10 , 64 bit Build 19041 (10.0.19041.1566)
Hyper-V role detected

CPU:total 8 (initial active 8) (4 cores per cpu, 2 threads per core) family 6 model 140 stepping 1 microcode 0x9a, cmov, cx8, fxsr, mmx, sse, sse2, sse3, ssse3, sse4.1, sse4.2, popcnt, avx, avx2, aes, clmul, erms, 3dnowpref, lzcnt, ht, tsc, tscinvbit, bmi1, bmi2, adx, evex, sha, fma

Memory: 4k page, system-wide physical 7930M (312M free)
TotalPageFile size 22930M (AvailPageFile size 0M)
current process WorkingSet (physical memory assigned to process): 171M, peak: 171M
current process commit charge ("private bytes"): 286M, peak: 286M

vm_info: Java HotSpot(TM) 64-Bit Server VM (11.0.14+8-LTS-263) for windows-amd64 JRE (11.0.14+8-LTS-263), built on Dec  7 2021 21:53:57 by "mach5one" with MS VC++ 15.9 (VS2017)

END.
